Logger ready
XOR CHECK PASSED
FalseTrue
(480, 117, 443, 162)
[(500, 125), (499, 125), (498, 124), (497, 124), (496, 123), (495, 123), (494, 123), (493, 122), (492, 122), (491, 122), (490, 121), (489, 121), (488, 120), (487, 120), (486, 120), (485, 119), (484, 119), (483, 119), (482, 118), (481, 118)]
[(480, 117), (479, 118), (478, 119), (478, 120), (477, 121), (476, 122), (475, 123), (474, 124), (473, 125), (473, 126), (472, 127), (471, 128), (470, 129), (469, 130), (468, 131), (468, 132), (467, 133), (466, 134), (465, 135), (464, 136), (464, 137), (463, 138), (462, 139), (461, 140), (460, 141), (459, 142), (459, 143), (458, 144), (457, 145), (456, 146), (455, 147), (455, 148), (454, 149), (453, 150), (452, 151), (451, 152), (450, 153), (450, 154), (449, 155), (448, 156), (447, 157), (446, 158), (445, 159), (445, 160), (444, 161)]
[(443, 162), (444, 161), (445, 160), (445, 159), (446, 158), (447, 157), (448, 156), (449, 155), (450, 154), (450, 153), (451, 152), (452, 151), (453, 150), (454, 149), (455, 148), (455, 147), (456, 146), (457, 145), (458, 144), (459, 143), (459, 142), (460, 141), (461, 140), (462, 139), (463, 138), (464, 137), (464, 136), (465, 135), (466, 134), (467, 133), (468, 132), (468, 131), (469, 130), (470, 129), (471, 128), (472, 127), (473, 126), (473, 125), (474, 124), (475, 123), (476, 122), (477, 121), (478, 120), (478, 119), (479, 118), (480, 117)]
[(479, 117), (478, 117), (477, 116), (476, 116), (475, 116), (474, 115), (473, 115), (472, 114), (471, 114), (470, 114), (469, 113), (468, 113), (467, 113), (466, 112), (465, 112), (464, 111), (463, 111), (462, 111), (461, 110), (460, 110), (459, 110), (458, 109), (457, 109), (456, 108), (455, 108), (454, 108), (453, 107), (452, 107), (451, 107), (450, 106), (449, 106), (448, 105), (447, 105), (446, 105), (445, 104), (444, 104), (443, 104), (442, 104), (441, 103), (440, 103), (439, 103), (438, 102), (437, 102), (436, 102), (435, 101), (434, 101), (433, 100), (432, 100), (431, 99), (430, 99), (429, 98), (428, 98), (427, 97), (426, 97), (425, 96), (424, 96), (423, 95), (422, 95), (421, 94), (420, 94), (419, 93), (418, 93), (417, 92), (416, 91), (415, 91), (414, 90), (413, 90), (412, 89), (411, 89), (410, 88), (409, 87), (408, 87), (407, 86), (406, 86), (405, 85), (404, 84), (403, 84), (402, 83), (401, 83), (400, 82), (399, 81), (398, 81), (397, 80), (396, 80), (395, 79), (394, 78), (393, 78), (392, 77), (391, 77), (390, 76), (389, 75), (388, 74), (387, 74), (386, 73), (385, 72), (384, 72), (383, 71), (382, 71), (381, 70), (380, 69), (379, 69), (378, 68), (377, 67), (376, 67), (375, 66), (374, 66), (373, 65), (372, 64), (371, 64), (370, 63), (369, 62), (368, 61), (367, 61), (366, 60), (365, 59), (364, 59), (363, 58), (362, 57), (361, 57), (360, 56), (359, 55), (358, 54), (357, 54), (356, 53), (355, 52), (354, 52), (353, 51), (352, 50), (351, 50), (350, 49), (349, 48), (348, 48), (347, 47), (346, 47), (345, 46), (344, 46), (343, 45), (342, 45), (341, 44), (340, 43), (339, 43), (338, 42), (337, 42), (336, 41), (335, 41), (334, 40), (333, 40), (332, 39), (331, 39), (330, 38), (329, 38), (328, 37), (327, 37), (326, 36), (325, 36), (324, 35), (323, 35), (322, 34), (321, 34), (320, 33), (319, 32), (318, 32), (317, 31), (316, 30), (315, 30), (314, 29), (313, 29), (312, 28), (311, 28), (310, 27), (309, 27), (308, 26), (307, 26), (306, 25), (305, 25), (304, 24), (303, 24), (302, 23), (301, 23), (300, 22), (299, 22), (298, 22), (297, 21), (296, 21), (295, 20), (294, 20), (293, 19), (292, 19), (291, 19), (290, 18), (289, 18), (288, 17), (287, 17), (286, 17), (285, 16), (284, 16), (283, 15), (282, 15), (281, 14), (280, 14), (279, 14), (278, 13), (277, 13), (276, 12), (275, 12), (274, 12), (273, 11), (272, 11), (271, 10), (270, 10), (269, 10), (268, 10), (267, 10), (266, 10), (265, 9), (264, 9), (263, 9), (262, 9), (261, 8), (260, 8), (259, 8), (258, 8), (257, 8), (256, 7), (255, 7), (254, 7), (253, 7), (252, 6), (251, 6), (250, 6), (249, 6), (248, 6), (247, 6), (246, 6), (245, 6), (244, 6), (243, 5), (242, 5), (241, 5), (240, 5), (239, 5), (238, 5), (237, 4), (236, 4), (235, 4), (234, 4), (233, 4), (232, 4), (231, 4), (230, 4), (229, 4), (228, 4), (227, 4), (226, 4), (225, 4), (224, 4), (223, 4), (222, 4), (221, 4), (220, 4), (219, 4), (218, 4), (217, 5), (216, 5), (215, 5), (214, 5), (213, 5), (212, 5), (211, 5), (210, 5), (209, 5), (208, 5), (207, 5), (206, 5), (205, 5), (204, 5), (203, 5), (202, 5), (201, 5), (200, 5), (199, 5), (198, 5), (197, 5), (196, 5), (195, 5), (194, 5), (193, 5), (192, 5), (191, 5), (190, 5), (189, 5), (188, 5), (187, 5), (186, 5), (185, 5), (184, 5), (183, 5), (182, 5), (181, 5), (180, 5), (179, 5), (178, 5), (177, 5), (176, 6), (175, 6), (174, 6), (173, 6), (172, 6), (171, 6), (170, 6), (169, 6), (168, 6), (167, 6), (166, 7), (165, 7), (164, 7), (163, 7), (162, 7), (161, 7), (160, 7), (159, 7), (158, 7), (157, 7), (156, 7), (155, 7), (154, 7), (153, 7), (152, 7), (151, 7), (150, 7), (149, 7), (148, 7), (147, 7), (146, 7), (145, 7), (144, 7), (143, 7), (142, 7), (141, 7), (140, 7), (139, 7), (138, 7), (137, 7), (136, 7), (135, 7), (134, 7), (133, 7), (132, 7), (131, 7), (130, 7), (129, 7), (128, 7), (127, 7), (126, 7), (125, 7), (124, 7), (123, 7), (122, 7), (121, 7), (120, 7), (119, 7), (118, 7), (117, 7), (116, 8), (115, 8), (114, 8), (113, 8), (112, 8), (111, 8), (110, 8), (109, 8), (108, 8), (107, 8), (106, 8), (105, 8), (104, 9), (103, 9), (102, 9), (101, 9), (100, 9), (99, 9), (98, 9), (97, 9), (96, 9), (95, 9), (94, 10), (93, 10), (92, 10), (91, 10), (90, 10), (89, 11), (88, 11), (87, 11), (86, 11), (85, 11), (84, 11), (83, 12), (82, 12), (81, 12), (80, 12), (79, 12), (78, 12), (77, 12), (76, 13), (75, 13), (74, 13), (73, 13), (72, 14), (71, 14), (70, 14), (69, 14), (68, 15), (67, 15), (66, 15), (65, 16), (64, 16), (63, 16), (62, 16), (61, 17), (60, 17), (59, 17), (58, 17), (57, 18), (56, 18), (55, 18), (54, 19), (53, 19), (52, 19), (51, 20), (50, 20), (49, 20), (48, 21), (47, 21), (46, 21), (45, 22), (44, 22), (43, 23), (42, 23), (41, 24), (40, 24), (39, 24), (38, 25), (37, 25), (36, 26), (35, 26), (34, 27), (33, 27), (32, 28), (31, 28), (30, 29), (29, 30), (28, 31), (27, 31), (26, 32), (25, 33), (24, 33), (23, 34), (22, 35), (21, 35), (20, 36), (19, 36), (18, 37), (17, 38), (16, 39), (15, 40), (14, 41), (13, 41), (12, 42), (11, 43), (10, 44), (9, 45), (9, 46), (8, 47), (7, 48), (7, 49), (6, 50), (5, 51), (4, 52), (4, 53), (3, 54), (2, 55), (2, 56), (2, 57), (2, 58), (2, 59), (2, 60), (2, 61), (2, 62), (2, 63), (2, 64), (2, 65), (2, 66), (2, 67), (2, 68), (2, 69), (2, 70), (2, 71), (2, 72), (2, 73), (2, 74), (3, 75), (3, 76), (3, 77), (3, 78), (3, 79), (3, 80), (3, 81), (3, 82), (3, 83), (3, 84), (4, 85), (4, 86), (4, 87), (4, 88), (4, 89), (4, 90), (4, 91), (4, 92), (4, 93), (4, 94), (5, 95), (5, 96), (5, 97), (5, 98), (5, 99), (5, 100), (5, 101), (5, 102), (5, 103), (5, 104), (6, 105), (6, 106), (6, 107), (6, 108), (6, 109), (6, 110), (6, 111), (6, 112), (6, 113), (6, 114), (6, 115), (6, 116), (7, 117), (7, 118), (7, 119), (7, 120), (7, 121), (7, 122), (7, 123), (7, 124), (7, 125), (7, 126), (8, 127), (8, 128), (8, 129), (8, 130), (8, 131), (8, 132), (8, 133), (8, 134), (8, 135), (8, 136), (8, 137), (8, 138), (8, 139), (9, 140), (9, 141), (9, 142), (9, 143), (9, 144), (10, 145), (10, 146), (10, 147), (10, 148), (10, 149), (10, 150), (11, 151), (11, 152), (11, 153), (11, 154), (11, 155), (12, 156), (12, 157), (12, 158), (12, 159), (12, 160), (12, 161), (13, 162), (13, 163), (13, 164), (13, 165), (14, 166), (14, 167), (14, 168), (14, 169), (14, 170), (14, 171), (15, 172), (15, 173), (15, 174), (15, 175), (15, 176), (15, 177), (16, 178), (16, 179), (16, 180), (16, 181), (17, 182), (17, 183), (17, 184), (18, 185), (18, 186), (18, 187), (18, 188), (19, 189), (19, 190), (19, 191), (19, 192), (20, 193), (20, 194), (20, 195), (21, 196), (21, 197), (21, 198), (22, 199), (22, 200), (22, 201), (22, 202), (23, 203), (23, 204), (23, 205), (24, 206), (24, 207), (24, 208), (25, 209), (25, 210), (25, 211), (25, 212), (26, 213), (26, 214), (27, 215), (27, 216), (27, 217), (27, 218), (28, 219), (28, 220), (28, 221), (28, 222), (29, 223), (29, 224), (30, 225), (30, 226), (30, 227), (30, 228), (31, 229), (31, 230), (31, 231), (31, 232), (32, 233), (32, 234), (33, 235), (33, 236), (33, 237), (33, 238), (34, 239), (34, 240), (34, 241), (34, 242), (35, 243), (35, 244), (36, 245), (36, 246), (36, 247), (36, 248), (37, 249), (37, 250), (37, 251), (37, 252), (38, 253), (38, 254), (39, 255), (39, 256), (39, 257), (39, 258), (40, 259), (40, 260), (40, 261), (40, 262), (41, 263), (41, 264), (41, 265), (41, 266), (41, 267), (42, 268), (42, 269), (42, 270), (42, 271), (43, 272), (43, 273), (43, 274), (43, 275), (43, 276), (43, 277), (44, 278), (44, 279), (44, 280), (44, 281), (45, 282), (45, 283), (45, 284), (45, 285), (46, 286), (46, 287), (46, 288), (46, 289), (46, 290), (46, 291), (47, 292), (47, 293), (47, 294), (47, 295), (48, 296), (48, 297), (48, 298), (48, 299), (48, 300), (48, 301), (49, 302), (49, 303), (49, 304), (49, 305), (49, 306), (49, 307), (49, 308), (49, 309), (49, 310), (50, 311), (50, 312), (50, 313), (50, 314), (50, 315), (51, 316), (51, 317), (51, 318), (51, 319), (51, 320), (51, 321), (52, 322), (52, 323), (52, 324), (52, 325), (53, 326), (53, 327), (53, 328), (53, 329), (53, 330), (53, 331), (54, 332), (54, 333), (54, 334), (54, 335), (55, 336), (55, 337), (55, 338), (55, 339), (55, 340), (55, 341), (56, 342), (56, 343), (56, 344), (56, 345), (56, 346), (56, 347), (57, 348), (57, 349), (57, 350), (57, 351), (58, 352), (58, 353), (58, 354), (59, 355), (59, 356), (59, 357), (59, 358), (60, 359), (60, 360), (60, 361), (60, 362), (61, 363), (61, 364), (61, 365), (61, 366), (62, 367), (62, 368), (62, 369), (63, 370), (63, 371), (63, 372), (64, 373), (64, 374), (65, 375), (65, 376), (66, 377), (66, 378), (67, 379), (67, 380), (68, 381), (68, 382), (69, 383), (69, 384), (69, 385), (70, 386), (70, 387), (71, 388), (71, 389), (72, 390), (72, 391), (73, 392), (73, 393), (74, 394), (74, 395), (75, 396), (75, 397), (76, 398), (76, 399), (77, 400), (77, 401), (78, 402), (79, 403), (79, 404), (80, 405), (80, 406), (81, 407), (81, 408), (82, 409), (82, 410), (83, 411), (83, 412), (84, 413), (85, 414), (85, 415), (86, 416), (86, 417), (87, 418), (87, 419), (88, 420), (88, 421), (89, 422), (89, 423), (90, 424), (90, 425), (91, 426), (91, 427), (92, 428), (92, 429), (93, 430), (93, 431), (94, 432), (94, 433), (95, 434), (96, 435), (96, 436), (97, 437), (97, 438), (98, 439), (98, 440), (99, 441), (99, 442), (99, 443), (100, 444), (100, 445), (101, 446), (101, 447), (102, 448), (102, 449), (103, 450), (103, 451), (104, 452), (104, 453), (104, 454), (105, 455), (105, 456), (106, 457), (106, 458), (107, 459), (107, 460), (108, 461), (108, 462), (109, 463), (109, 464), (109, 465), (110, 466), (110, 467), (110, 468), (110, 469), (111, 470), (111, 471), (111, 472), (111, 473), (112, 474), (112, 475), (112, 476), (112, 477), (113, 478), (113, 479), (113, 480), (113, 481), (114, 482), (114, 483), (114, 484), (115, 485), (115, 486), (115, 487), (115, 488), (115, 489), (115, 490), (116, 491), (116, 492), (116, 493), (116, 494), (116, 495), (116, 496), (117, 497), (117, 498), (117, 499), (117, 500), (117, 501), (117, 502), (117, 503), (117, 504), (117, 505), (117, 506), (117, 507), (117, 508), (117, 509), (117, 510), (117, 511), (117, 512), (117, 513), (117, 514), (117, 515), (117, 516), (117, 517), (117, 518), (116, 519), (116, 520), (116, 521), (116, 522), (116, 523), (116, 524), (115, 525), (115, 526), (115, 527), (115, 528), (114, 529), (114, 530), (114, 531), (114, 532), (113, 533), (113, 534), (113, 535), (112, 536), (112, 537), (112, 538), (111, 539), (111, 540), (111, 541), (111, 542), (110, 543), (110, 544), (109, 545), (109, 546), (109, 547), (108, 548), (108, 549), (108, 550), (107, 551), (107, 552), (106, 553), (106, 554), (106, 555), (105, 556), (105, 557), (105, 558), (104, 559), (104, 560), (103, 561), (103, 562), (102, 563), (102, 564), (102, 565), (101, 566), (101, 567), (100, 568), (100, 569), (99, 570), (99, 571), (98, 572), (98, 573), (97, 574), (96, 575), (96, 576), (95, 577), (94, 578), (94, 579), (93, 580), (93, 581), (92, 582), (92, 583), (91, 584), (90, 585), (89, 586), (89, 587), (88, 588), (87, 589), (87, 590), (86, 591), (86, 592), (85, 593), (84, 594), (84, 595), (83, 596), (82, 597), (82, 598), (81, 599), (81, 600), (80, 601), (79, 602), (79, 603), (78, 604), (77, 605), (76, 606), (76, 607), (75, 608), (74, 609), (74, 610), (73, 611), (72, 612), (72, 613), (71, 614), (70, 615), (69, 616), (68, 617), (68, 618), (67, 619), (66, 620), (65, 621), (65, 622), (64, 623), (63, 624), (62, 625), (61, 626), (61, 627), (60, 628), (59, 629), (58, 630), (57, 631), (57, 632), (56, 633), (55, 634), (54, 635), (54, 636), (53, 637), (52, 638), (51, 639), (51, 640), (50, 641), (49, 642), (49, 643), (48, 644), (47, 645), (47, 646), (46, 647), (45, 648), (45, 649), (44, 650), (44, 651), (43, 652), (43, 653), (42, 654), (42, 655), (41, 656), (41, 657), (41, 658), (40, 659), (40, 660), (39, 661), (39, 662), (38, 663), (38, 664), (37, 665), (37, 666), (36, 667), (36, 668), (36, 669), (35, 670), (35, 671), (35, 672), (34, 673), (34, 674), (34, 675), (34, 676), (33, 677), (33, 678), (33, 679), (33, 680), (33, 681), (32, 682), (32, 683), (32, 684), (32, 685), (32, 686), (32, 687), (32, 688), (32, 689), (32, 690), (32, 691), (32, 692), (32, 693), (32, 694), (32, 695), (33, 696), (33, 697), (33, 698), (33, 699), (33, 700), (33, 701), (34, 702), (34, 703), (34, 704), (34, 705), (35, 706), (35, 707), (36, 708), (36, 709), (36, 710), (37, 711), (37, 712), (38, 713), (38, 714), (39, 715), (39, 716), (40, 717), (41, 718), (41, 719), (42, 720), (43, 721), (44, 722), (44, 723), (45, 724), (46, 725), (47, 726), (48, 726), (49, 727), (50, 728), (51, 729), (52, 730), (53, 730), (54, 731), (55, 732), (56, 732), (57, 732), (58, 732), (59, 731), (60, 731), (61, 731), (62, 731), (63, 730), (64, 730), (65, 730), (66, 730), (67, 729), (68, 729), (69, 728), (70, 728), (71, 728), (72, 727), (73, 727), (74, 726), (75, 726), (76, 725), (77, 725), (78, 724), (79, 724), (80, 723), (81, 723), (82, 722), (83, 722), (84, 721), (85, 721), (86, 721), (87, 720), (88, 719), (89, 719), (90, 718), (91, 718), (92, 717), (93, 716), (94, 716), (95, 715), (96, 714), (97, 714), (98, 713), (99, 713), (100, 712), (101, 711), (102, 711), (103, 710), (104, 710), (105, 709), (106, 709), (107, 708), (108, 707), (109, 707), (110, 706), (111, 706), (112, 705), (113, 704), (114, 704), (115, 703), (116, 702), (117, 702), (118, 701), (119, 700), (120, 699), (121, 699), (122, 698), (123, 697), (124, 697), (125, 696), (126, 695), (127, 694), (128, 694), (129, 693), (130, 692), (131, 691), (132, 690), (133, 690), (134, 689), (135, 688), (136, 687), (137, 687), (138, 686), (139, 685), (140, 684), (141, 683), (142, 682), (143, 682), (144, 681), (145, 680), (146, 679), (147, 678), (148, 678), (149, 677), (150, 676), (151, 675), (152, 674), (153, 674), (154, 673), (155, 672), (156, 671), (157, 671), (158, 670), (159, 669), (160, 668), (161, 668), (162, 667), (163, 666), (164, 666), (165, 665), (166, 664), (167, 664), (168, 663), (169, 663), (170, 662), (171, 661), (172, 661), (173, 660), (174, 660), (175, 659), (176, 659), (177, 659), (178, 658), (179, 658), (180, 658), (181, 658), (182, 657), (183, 657), (184, 657), (185, 657), (186, 656), (187, 656), (188, 656), (189, 655), (190, 655), (191, 655), (192, 655), (193, 654), (194, 654), (195, 654), (196, 653), (197, 653), (198, 653), (199, 653), (200, 652), (201, 652), (202, 652), (203, 652), (204, 651), (205, 651), (206, 651), (207, 651), (208, 651), (209, 651), (210, 651), (211, 651), (212, 650), (213, 650), (214, 650), (215, 650), (216, 650), (217, 650), (218, 650), (219, 650), (220, 650), (221, 650), (222, 650), (223, 650), (224, 650), (225, 650)]
index based Bot y and x before: 443 162
actual y and x before: 443 162
Just adjusted : Helper = [65, 198, 72, 255] Helpee = [104, 72, 137, 255]
Bot y and x after: 443 162
actual y and x after: 443 162
XOR CHECK PASSED
FalseTrue
(420, 94, 475, 71)
[(500, 125), (499, 126), (498, 126), (497, 127), (496, 127), (495, 128), (494, 129), (493, 129), (492, 130), (491, 130), (490, 131), (489, 130), (488, 130), (487, 129), (486, 129), (485, 128), (484, 128), (483, 127), (482, 127), (481, 126), (480, 126), (479, 125), (478, 125), (477, 124), (476, 124), (475, 123), (474, 123), (473, 122), (472, 122), (471, 121), (470, 121), (469, 120), (468, 120), (467, 119), (466, 119), (465, 118), (464, 118), (463, 117), (462, 117), (461, 116), (460, 116), (459, 115), (458, 114), (457, 114), (456, 113), (455, 113), (454, 112), (453, 112), (452, 111), (451, 111), (450, 110), (449, 110), (448, 109), (447, 108), (446, 108), (445, 107), (444, 107), (443, 106), (442, 106), (441, 105), (440, 105), (439, 104), (438, 103), (437, 103), (436, 102), (435, 102), (434, 101), (433, 101), (432, 100), (431, 100), (430, 99), (429, 99), (428, 98), (427, 97), (426, 97), (425, 96), (424, 96), (423, 95), (422, 95), (421, 94)]
[(420, 94), (421, 94), (422, 93), (423, 93), (424, 92), (425, 92), (426, 91), (427, 91), (428, 91), (429, 90), (430, 90), (431, 89), (432, 89), (433, 89), (434, 88), (435, 88), (436, 87), (437, 87), (438, 86), (439, 86), (440, 86), (441, 85), (442, 85), (443, 84), (444, 84), (445, 84), (446, 83), (447, 83), (448, 82), (449, 82), (450, 81), (451, 81), (452, 81), (453, 80), (454, 80), (455, 79), (456, 79), (457, 79), (458, 78), (459, 78), (460, 77), (461, 77), (462, 76), (463, 76), (464, 76), (465, 75), (466, 75), (467, 74), (468, 74), (469, 74), (470, 73), (471, 73), (472, 72), (473, 72), (474, 71)]
[(475, 71), (474, 71), (473, 72), (472, 72), (471, 73), (470, 73), (469, 74), (468, 74), (467, 74), (466, 75), (465, 75), (464, 76), (463, 76), (462, 76), (461, 77), (460, 77), (459, 78), (458, 78), (457, 79), (456, 79), (455, 79), (454, 80), (453, 80), (452, 81), (451, 81), (450, 81), (449, 82), (448, 82), (447, 83), (446, 83), (445, 84), (444, 84), (443, 84), (442, 85), (441, 85), (440, 86), (439, 86), (438, 86), (437, 87), (436, 87), (435, 88), (434, 88), (433, 89), (432, 89), (431, 89), (430, 90), (429, 90), (428, 91), (427, 91), (426, 91), (425, 92), (424, 92), (423, 93), (422, 93), (421, 94), (420, 94)]
[(419, 93), (418, 93), (417, 92), (416, 91), (415, 91), (414, 90), (413, 90), (412, 89), (411, 89), (410, 88), (409, 87), (408, 87), (407, 86), (406, 86), (405, 85), (404, 84), (403, 84), (402, 83), (401, 83), (400, 82), (399, 81), (398, 81), (397, 80), (396, 80), (395, 79), (394, 78), (393, 78), (392, 77), (391, 77), (390, 76), (389, 75), (388, 74), (387, 74), (386, 73), (385, 72), (384, 72), (383, 71), (382, 71), (381, 70), (380, 69), (379, 69), (378, 68), (377, 67), (376, 67), (375, 66), (374, 66), (373, 65), (372, 64), (371, 64), (370, 63), (369, 62), (368, 61), (367, 61), (366, 60), (365, 59), (364, 59), (363, 58), (362, 57), (361, 57), (360, 56), (359, 55), (358, 54), (357, 54), (356, 53), (355, 52), (354, 52), (353, 51), (352, 50), (351, 50), (350, 49), (349, 48), (348, 48), (347, 47), (346, 47), (345, 46), (344, 46), (343, 45), (342, 45), (341, 44), (340, 43), (339, 43), (338, 42), (337, 42), (336, 41), (335, 41), (334, 40), (333, 40), (332, 39), (331, 39), (330, 38), (329, 38), (328, 37), (327, 37), (326, 36), (325, 36), (324, 35), (323, 35), (322, 34), (321, 34), (320, 33), (319, 32), (318, 32), (317, 31), (316, 30), (315, 30), (314, 29), (313, 29), (312, 28), (311, 28), (310, 27), (309, 27), (308, 26), (307, 26), (306, 25), (305, 25), (304, 24), (303, 24), (302, 23), (301, 23), (300, 22), (299, 22), (298, 22), (297, 21), (296, 21), (295, 20), (294, 20), (293, 19), (292, 19), (291, 19), (290, 18), (289, 18), (288, 17), (287, 17), (286, 17), (285, 16), (284, 16), (283, 15), (282, 15), (281, 14), (280, 14), (279, 14), (278, 13), (277, 13), (276, 12), (275, 12), (274, 12), (273, 11), (272, 11), (271, 10), (270, 10), (269, 10), (268, 10), (267, 10), (266, 10), (265, 9), (264, 9), (263, 9), (262, 9), (261, 8), (260, 8), (259, 8), (258, 8), (257, 8), (256, 7), (255, 7), (254, 7), (253, 7), (252, 6), (251, 6), (250, 6), (249, 6), (248, 6), (247, 6), (246, 6), (245, 6), (244, 6), (243, 5), (242, 5), (241, 5), (240, 5), (239, 5), (238, 5), (237, 4), (236, 4), (235, 4), (234, 4), (233, 4), (232, 4), (231, 4), (230, 4), (229, 4), (228, 4), (227, 4), (226, 4), (225, 4), (224, 4), (223, 4), (222, 4), (221, 4), (220, 4), (219, 4), (218, 4), (217, 5), (216, 5), (215, 5), (214, 5), (213, 5), (212, 5), (211, 5), (210, 5), (209, 5), (208, 5), (207, 5), (206, 5), (205, 5), (204, 5), (203, 5), (202, 5), (201, 5), (200, 5), (199, 5), (198, 5), (197, 5), (196, 5), (195, 5), (194, 5), (193, 5), (192, 5), (191, 5), (190, 5), (189, 5), (188, 5), (187, 5), (186, 5), (185, 5), (184, 5), (183, 5), (182, 5), (181, 5), (180, 5), (179, 5), (178, 5), (177, 5), (176, 6), (175, 6), (174, 6), (173, 6), (172, 6), (171, 6), (170, 6), (169, 6), (168, 6), (167, 6), (166, 7), (165, 7), (164, 7), (163, 7), (162, 7), (161, 7), (160, 7), (159, 7), (158, 7), (157, 7), (156, 7), (155, 7), (154, 7), (153, 7), (152, 7), (151, 7), (150, 7), (149, 7), (148, 7), (147, 7), (146, 7), (145, 7), (144, 7), (143, 7), (142, 7), (141, 7), (140, 7), (139, 7), (138, 7), (137, 7), (136, 7), (135, 7), (134, 7), (133, 7), (132, 7), (131, 7), (130, 7), (129, 7), (128, 7), (127, 7), (126, 7), (125, 7), (124, 7), (123, 7), (122, 7), (121, 7), (120, 7), (119, 7), (118, 7), (117, 7), (116, 8), (115, 8), (114, 8), (113, 8), (112, 8), (111, 8), (110, 8), (109, 8), (108, 8), (107, 8), (106, 8), (105, 8), (104, 9), (103, 9), (102, 9), (101, 9), (100, 9), (99, 9), (98, 9), (97, 9), (96, 9), (95, 9), (94, 10), (93, 10), (92, 10), (91, 10), (90, 10), (89, 11), (88, 11), (87, 11), (86, 11), (85, 11), (84, 11), (83, 12), (82, 12), (81, 12), (80, 12), (79, 12), (78, 12), (77, 12), (76, 13), (75, 13), (74, 13), (73, 13), (72, 14), (71, 14), (70, 14), (69, 14), (68, 15), (67, 15), (66, 15), (65, 16), (64, 16), (63, 16), (62, 16), (61, 17), (60, 17), (59, 17), (58, 17), (57, 18), (56, 18), (55, 18), (54, 19), (53, 19), (52, 19), (51, 20), (50, 20), (49, 20), (48, 21), (47, 21), (46, 21), (45, 22), (44, 22), (43, 23), (42, 23), (41, 24), (40, 24), (39, 24), (38, 25), (37, 25), (36, 26), (35, 26), (34, 27), (33, 27), (32, 28), (31, 28), (30, 29), (29, 30), (28, 31), (27, 31), (26, 32), (25, 33), (24, 33), (23, 34), (22, 35), (21, 35), (20, 36), (19, 36), (18, 37), (17, 38), (16, 39), (15, 40), (14, 41), (13, 41), (12, 42), (11, 43), (10, 44), (9, 45), (9, 46), (8, 47), (7, 48), (7, 49), (6, 50), (5, 51), (4, 52), (4, 53), (3, 54), (2, 55), (2, 56), (2, 57), (2, 58), (2, 59), (2, 60), (2, 61), (2, 62), (2, 63), (2, 64), (2, 65), (2, 66), (2, 67), (2, 68), (2, 69), (2, 70), (2, 71), (2, 72), (2, 73), (2, 74), (3, 75), (3, 76), (3, 77), (3, 78), (3, 79), (3, 80), (3, 81), (3, 82), (3, 83), (3, 84), (4, 85), (4, 86), (4, 87), (4, 88), (4, 89), (4, 90), (4, 91), (4, 92), (4, 93), (4, 94), (5, 95), (5, 96), (5, 97), (5, 98), (5, 99), (5, 100), (5, 101), (5, 102), (5, 103), (5, 104), (6, 105), (6, 106), (6, 107), (6, 108), (6, 109), (6, 110), (6, 111), (6, 112), (6, 113), (6, 114), (6, 115), (6, 116), (7, 117), (7, 118), (7, 119), (7, 120), (7, 121), (7, 122), (7, 123), (7, 124), (7, 125), (7, 126), (8, 127), (8, 128), (8, 129), (8, 130), (8, 131), (8, 132), (8, 133), (8, 134), (8, 135), (8, 136), (8, 137), (8, 138), (8, 139), (9, 140), (9, 141), (9, 142), (9, 143), (9, 144), (10, 145), (10, 146), (10, 147), (10, 148), (10, 149), (10, 150), (11, 151), (11, 152), (11, 153), (11, 154), (11, 155), (12, 156), (12, 157), (12, 158), (12, 159), (12, 160), (12, 161), (13, 162), (13, 163), (13, 164), (13, 165), (14, 166), (14, 167), (14, 168), (14, 169), (14, 170), (14, 171), (15, 172), (15, 173), (15, 174), (15, 175), (15, 176), (15, 177), (16, 178), (16, 179), (16, 180), (16, 181), (17, 182), (17, 183), (17, 184), (18, 185), (18, 186), (18, 187), (18, 188), (19, 189), (19, 190), (19, 191), (19, 192), (20, 193), (20, 194), (20, 195), (21, 196), (21, 197), (21, 198), (22, 199), (22, 200), (22, 201), (22, 202), (23, 203), (23, 204), (23, 205), (24, 206), (24, 207), (24, 208), (25, 209), (25, 210), (25, 211), (25, 212), (26, 213), (26, 214), (27, 215), (27, 216), (27, 217), (27, 218), (28, 219), (28, 220), (28, 221), (28, 222), (29, 223), (29, 224), (30, 225), (30, 226), (30, 227), (30, 228), (31, 229), (31, 230), (31, 231), (31, 232), (32, 233), (32, 234), (33, 235), (33, 236), (33, 237), (33, 238), (34, 239), (34, 240), (34, 241), (34, 242), (35, 243), (35, 244), (36, 245), (36, 246), (36, 247), (36, 248), (37, 249), (37, 250), (37, 251), (37, 252), (38, 253), (38, 254), (39, 255), (39, 256), (39, 257), (39, 258), (40, 259), (40, 260), (40, 261), (40, 262), (41, 263), (41, 264), (41, 265), (41, 266), (41, 267), (42, 268), (42, 269), (42, 270), (42, 271), (43, 272), (43, 273), (43, 274), (43, 275), (43, 276), (43, 277), (44, 278), (44, 279), (44, 280), (44, 281), (45, 282), (45, 283), (45, 284), (45, 285), (46, 286), (46, 287), (46, 288), (46, 289), (46, 290), (46, 291), (47, 292), (47, 293), (47, 294), (47, 295), (48, 296), (48, 297), (48, 298), (48, 299), (48, 300), (48, 301), (49, 302), (49, 303), (49, 304), (49, 305), (49, 306), (49, 307), (49, 308), (49, 309), (49, 310), (50, 311), (50, 312), (50, 313), (50, 314), (50, 315), (51, 316), (51, 317), (51, 318), (51, 319), (51, 320), (51, 321), (52, 322), (52, 323), (52, 324), (52, 325), (53, 326), (53, 327), (53, 328), (53, 329), (53, 330), (53, 331), (54, 332), (54, 333), (54, 334), (54, 335), (55, 336), (55, 337), (55, 338), (55, 339), (55, 340), (55, 341), (56, 342), (56, 343), (56, 344), (56, 345), (56, 346), (56, 347), (57, 348), (57, 349), (57, 350), (57, 351), (58, 352), (58, 353), (58, 354), (59, 355), (59, 356), (59, 357), (59, 358), (60, 359), (60, 360), (60, 361), (60, 362), (61, 363), (61, 364), (61, 365), (61, 366), (62, 367), (62, 368), (62, 369), (63, 370), (63, 371), (63, 372), (64, 373), (64, 374), (65, 375), (65, 376), (66, 377), (66, 378), (67, 379), (67, 380), (68, 381), (68, 382), (69, 383), (69, 384), (69, 385), (70, 386), (70, 387), (71, 388), (71, 389), (72, 390), (72, 391), (73, 392), (73, 393), (74, 394), (74, 395), (75, 396), (75, 397), (76, 398), (76, 399), (77, 400), (77, 401), (78, 402), (79, 403), (79, 404), (80, 405), (80, 406), (81, 407), (81, 408), (82, 409), (82, 410), (83, 411), (83, 412), (84, 413), (85, 414), (85, 415), (86, 416), (86, 417), (87, 418), (87, 419), (88, 420), (88, 421), (89, 422), (89, 423), (90, 424), (90, 425), (91, 426), (91, 427), (92, 428), (92, 429), (93, 430), (93, 431), (94, 432), (94, 433), (95, 434), (96, 435), (96, 436), (97, 437), (97, 438), (98, 439), (98, 440), (99, 441), (99, 442), (99, 443), (100, 444), (100, 445), (101, 446), (101, 447), (102, 448), (102, 449), (103, 450), (103, 451), (104, 452), (104, 453), (104, 454), (105, 455), (105, 456), (106, 457), (106, 458), (107, 459), (107, 460), (108, 461), (108, 462), (109, 463), (109, 464), (109, 465), (110, 466), (110, 467), (110, 468), (110, 469), (111, 470), (111, 471), (111, 472), (111, 473), (112, 474), (112, 475), (112, 476), (112, 477), (113, 478), (113, 479), (113, 480), (113, 481), (114, 482), (114, 483), (114, 484), (115, 485), (115, 486), (115, 487), (115, 488), (115, 489), (115, 490), (116, 491), (116, 492), (116, 493), (116, 494), (116, 495), (116, 496), (117, 497), (117, 498), (117, 499), (117, 500), (117, 501), (117, 502), (117, 503), (117, 504), (117, 505), (117, 506), (117, 507), (117, 508), (117, 509), (117, 510), (117, 511), (117, 512), (117, 513), (117, 514), (117, 515), (117, 516), (117, 517), (117, 518), (116, 519), (116, 520), (116, 521), (116, 522), (116, 523), (116, 524), (115, 525), (115, 526), (115, 527), (115, 528), (114, 529), (114, 530), (114, 531), (114, 532), (113, 533), (113, 534), (113, 535), (112, 536), (112, 537), (112, 538), (111, 539), (111, 540), (111, 541), (111, 542), (110, 543), (110, 544), (109, 545), (109, 546), (109, 547), (108, 548), (108, 549), (108, 550), (107, 551), (107, 552), (106, 553), (106, 554), (106, 555), (105, 556), (105, 557), (105, 558), (104, 559), (104, 560), (103, 561), (103, 562), (102, 563), (102, 564), (102, 565), (101, 566), (101, 567), (100, 568), (100, 569), (99, 570), (99, 571), (98, 572), (98, 573), (97, 574), (96, 575), (96, 576), (95, 577), (94, 578), (94, 579), (93, 580), (93, 581), (92, 582), (92, 583), (91, 584), (90, 585), (89, 586), (89, 587), (88, 588), (87, 589), (87, 590), (86, 591), (86, 592), (85, 593), (84, 594), (84, 595), (83, 596), (82, 597), (82, 598), (81, 599), (81, 600), (80, 601), (79, 602), (79, 603), (78, 604), (77, 605), (76, 606), (76, 607), (75, 608), (74, 609), (74, 610), (73, 611), (72, 612), (72, 613), (71, 614), (70, 615), (69, 616), (68, 617), (68, 618), (67, 619), (66, 620), (65, 621), (65, 622), (64, 623), (63, 624), (62, 625), (61, 626), (61, 627), (60, 628), (59, 629), (58, 630), (57, 631), (57, 632), (56, 633), (55, 634), (54, 635), (54, 636), (53, 637), (52, 638), (51, 639), (51, 640), (50, 641), (49, 642), (49, 643), (48, 644), (47, 645), (47, 646), (46, 647), (45, 648), (45, 649), (44, 650), (44, 651), (43, 652), (43, 653), (42, 654), (42, 655), (41, 656), (41, 657), (41, 658), (40, 659), (40, 660), (39, 661), (39, 662), (38, 663), (38, 664), (37, 665), (37, 666), (36, 667), (36, 668), (36, 669), (35, 670), (35, 671), (35, 672), (34, 673), (34, 674), (34, 675), (34, 676), (33, 677), (33, 678), (33, 679), (33, 680), (33, 681), (32, 682), (32, 683), (32, 684), (32, 685), (32, 686), (32, 687), (32, 688), (32, 689), (32, 690), (32, 691), (32, 692), (32, 693), (32, 694), (32, 695), (33, 696), (33, 697), (33, 698), (33, 699), (33, 700), (33, 701), (34, 702), (34, 703), (34, 704), (34, 705), (35, 706), (35, 707), (36, 708), (36, 709), (36, 710), (37, 711), (37, 712), (38, 713), (38, 714), (39, 715), (39, 716), (40, 717), (41, 718), (41, 719), (42, 720), (43, 721), (44, 722), (44, 723), (45, 724), (46, 725), (47, 726), (48, 726), (49, 727), (50, 728), (51, 729), (52, 730), (53, 730), (54, 731), (55, 732), (56, 732), (57, 732), (58, 732), (59, 731), (60, 731), (61, 731), (62, 731), (63, 730), (64, 730), (65, 730), (66, 730), (67, 729), (68, 729), (69, 728), (70, 728), (71, 728), (72, 727), (73, 727), (74, 726), (75, 726), (76, 725), (77, 725), (78, 724), (79, 724), (80, 723), (81, 723), (82, 722), (83, 722), (84, 721), (85, 721), (86, 721), (87, 720), (88, 719), (89, 719), (90, 718), (91, 718), (92, 717), (93, 716), (94, 716), (95, 715), (96, 714), (97, 714), (98, 713), (99, 713), (100, 712), (101, 711), (102, 711), (103, 710), (104, 710), (105, 709), (106, 709), (107, 708), (108, 707), (109, 707), (110, 706), (111, 706), (112, 705), (113, 704), (114, 704), (115, 703), (116, 702), (117, 702), (118, 701), (119, 700), (120, 699), (121, 699), (122, 698), (123, 697), (124, 697), (125, 696), (126, 695), (127, 694), (128, 694), (129, 693), (130, 692), (131, 691), (132, 690), (133, 690), (134, 689), (135, 688), (136, 687), (137, 687), (138, 686), (139, 685), (140, 684), (141, 683), (142, 682), (143, 682), (144, 681), (145, 680), (146, 679), (147, 678), (148, 678), (149, 677), (150, 676), (151, 675), (152, 674), (153, 674), (154, 673), (155, 672), (156, 671), (157, 671), (158, 670), (159, 669), (160, 668), (161, 668), (162, 667), (163, 666), (164, 666), (165, 665), (166, 664), (167, 664), (168, 663), (169, 663), (170, 662), (171, 661), (172, 661), (173, 660), (174, 660), (175, 659), (176, 659), (177, 659), (178, 658), (179, 658), (180, 658), (181, 658), (182, 657), (183, 657), (184, 657), (185, 657), (186, 656), (187, 656), (188, 656), (189, 655), (190, 655), (191, 655), (192, 655), (193, 654), (194, 654), (195, 654), (196, 653), (197, 653), (198, 653), (199, 653), (200, 652), (201, 652), (202, 652), (203, 652), (204, 651), (205, 651), (206, 651), (207, 651), (208, 651), (209, 651), (210, 651), (211, 651), (212, 650), (213, 650), (214, 650), (215, 650), (216, 650), (217, 650), (218, 650), (219, 650), (220, 650), (221, 650), (222, 650), (223, 650), (224, 650), (225, 650)]
index based Bot y and x before: 475 71
actual y and x before: 475 71
Just adjusted : Helper = [104, 72, 137, 255] Helpee = [215, 172, 85, 255]
Bot y and x after: 475 71
actual y and x after: 475 71
Currently examining these bot points:      (1109, (47, 677)) (1269, (159, 669))
Currently examining these otherBot points: (1101, (47, 677)) (1213, (159, 669))

botStartIndex            1109
botEndIndex              1269
otherBotStartIndex       1101
otherBotEndIndex         1213
lengthOfBotPath          160
lengthOfOtherBotPath     112
len(bot.pathHistory)     1336
len(otherBot.pathHistory)1280
bot pathHistoryIndex in between 1109 and 1269
Bot is in between above intersections
otherBot pathHistoryIndex in between 1101 and 1213
OtherBot is in between above intersections
Just compared section lengths. OtherBot has shorter section
Currently examining these bot points:      (1101, (47, 677)) (1213, (159, 669))
Currently examining these otherBot points: (1109, (47, 677)) (1269, (159, 669))

botStartIndex            1101
botEndIndex              1213
otherBotStartIndex       1109
otherBotEndIndex         1269
lengthOfBotPath          112
lengthOfOtherBotPath     160
len(bot.pathHistory)     1280
len(otherBot.pathHistory)1336
bot pathHistoryIndex in between 1101 and 1213
Bot is in between above intersections
otherBot pathHistoryIndex in between 1109 and 1269
OtherBot is in between above intersections
Just compared section lengths. Bot has shorter section
POINT COMPARISON ERROR!
bot points:      (1499, (99, 13)) (2866, (225, 650))
otherBot points: (800, (68, 376)) (1232, (225, 650))
POINT COMPARISON ERROR!
bot points:      (795, (67, 371)) (1232, (225, 650))
otherBot points: (1460, (99, 13)) (2827, (225, 650))
POINT COMPARISON ERROR!
bot points:      (768, (65, 365)) (1211, (225, 650))
otherBot points: (1017, (121, 19)) (2362, (225, 650))
POINT COMPARISON ERROR!
bot points:      (743, (63, 357)) (1194, (225, 650))
otherBot points: (1115, (246, 20)) (2335, (225, 650))
POINT COMPARISON ERROR!
bot points:      (1115, (246, 20)) (2335, (225, 650))
otherBot points: (743, (63, 357)) (1194, (225, 650))
POINT COMPARISON ERROR!
bot points:      (1112, (244, 21)) (2334, (225, 650))
otherBot points: (758, (64, 358)) (1205, (225, 650))
Currently examining these bot points:      (926, (95, 540)) (1190, (224, 650))
Currently examining these otherBot points: (926, (95, 540)) (1122, (224, 650))

botStartIndex            926
botEndIndex              1190
otherBotStartIndex       926
otherBotEndIndex         1122
lengthOfBotPath          264
lengthOfOtherBotPath     196
len(bot.pathHistory)     1192
len(otherBot.pathHistory)1124
otherBot pathHistoryIndex in between 926 and 1122
OtherBot is in between above intersections
Just compared section lengths. OtherBot has shorter section
In logic for otherBotHasShortSection AND BotIsInSection is False
Safely removing points in bot's pathHistory. Starting at index (incl) 927. Stopping at index (excl) 1190
Changing bots pathHistory:
 1st chunk is bot.pathHistory from start up to index (excl) 926
 2nd chunk is otherBot.pathHistory from index 926 (incl) up to index 1122 (excl)
 3rd chunk is bot.pathHistory from index 1190 (incl) to end of otherBot.pathHistory
bots coords based on history and index before HISTORY CHANGE change: (y= 95, x= 534)
bot.y and bot.x before HISTORY change: (95, 534)
Currently examining these bot points:      (802, (81, 417)) (1115, (218, 651))
Currently examining these otherBot points: (803, (81, 417)) (1078, (218, 651))

botStartIndex            802
botEndIndex              1115
otherBotStartIndex       803
otherBotEndIndex         1078
lengthOfBotPath          313
lengthOfOtherBotPath     275
len(bot.pathHistory)     1123
len(otherBot.pathHistory)1086
Just compared section lengths. OtherBot has shorter section
In logic for otherBotHasShortSection AND BotIsInSection is False
Safely removing points in bot's pathHistory. Starting at index (incl) 803. Stopping at index (excl) 1115
Changing bots pathHistory:
 1st chunk is bot.pathHistory from start up to index (excl) 802
 2nd chunk is otherBot.pathHistory from index 803 (incl) up to index 1078 (excl)
 3rd chunk is bot.pathHistory from index 1115 (incl) to end of otherBot.pathHistory
bots coords based on history and index before HISTORY CHANGE change: (y= 370, x= 67)
bot.y and bot.x before HISTORY change: (370, 67)
Currently examining these bot points:      (803, (81, 417)) (1078, (218, 651))
Currently examining these otherBot points: (802, (81, 417)) (1115, (218, 651))

botStartIndex            803
botEndIndex              1078
otherBotStartIndex       802
otherBotEndIndex         1115
lengthOfBotPath          275
lengthOfOtherBotPath     313
len(bot.pathHistory)     1086
len(otherBot.pathHistory)1123
Just compared section lengths. Bot has shorter section
In logic for botHasShortSection AND otherBotIsInSection is False
Safely removing points in otherBot's pathHistory. Starting at index (incl) 803. Stopping at index (excl) 1115
Changing otherBots pathHistory:
 1st chunk is otherBot.pathHistory from start up to index (excl) 802
 2nd chunk is bot.pathHistory from index 803 (incl) up to index 1078 (excl)
 3rd chunk is otherBot.pathHistory from index 1115 (incl) to end of otherBot.pathHistory
OtherBots coords based on history and index before HISTORY CHANGE change: (y= 400, x= 81)
OtherBots otherBot.y and other bot.x before HISTORY change: (400, 81)
Currently examining these bot points:      (886, (98, 500)) (1085, (225, 650))
Currently examining these otherBot points: (885, (98, 500)) (1062, (225, 650))

botStartIndex            886
botEndIndex              1085
otherBotStartIndex       885
otherBotEndIndex         1062
lengthOfBotPath          199
lengthOfOtherBotPath     177
len(bot.pathHistory)     1086
len(otherBot.pathHistory)1063
otherBot pathHistoryIndex in between 885 and 1062
OtherBot is in between above intersections
Just compared section lengths. OtherBot has shorter section
In logic for otherBotHasShortSection AND BotIsInSection is False
Safely removing points in bot's pathHistory. Starting at index (incl) 887. Stopping at index (excl) 1085
Changing bots pathHistory:
 1st chunk is bot.pathHistory from start up to index (excl) 886
 2nd chunk is otherBot.pathHistory from index 885 (incl) up to index 1062 (excl)
 3rd chunk is bot.pathHistory from index 1085 (incl) to end of otherBot.pathHistory
bots coords based on history and index before HISTORY CHANGE change: (y= 94, x= 484)
bot.y and bot.x before HISTORY change: (94, 484)
POINT COMPARISON ERROR!
bot points:      (748, (72, 363)) (1062, (225, 650))
otherBot points: (1021, (199, 25)) (2257, (225, 650))
POINT COMPARISON ERROR!
bot points:      (1004, (187, 26)) (2252, (225, 650))
otherBot points: (748, (72, 363)) (1062, (225, 650))
Currently examining these bot points:      (847, (92, 462)) (1057, (220, 647))
Currently examining these otherBot points: (848, (92, 462)) (1045, (220, 647))

botStartIndex            847
botEndIndex              1057
otherBotStartIndex       848
otherBotEndIndex         1045
lengthOfBotPath          210
lengthOfOtherBotPath     197
len(bot.pathHistory)     1063
len(otherBot.pathHistory)1051
Just compared section lengths. OtherBot has shorter section
In logic for otherBotHasShortSection AND BotIsInSection is False
Safely removing points in bot's pathHistory. Starting at index (incl) 848. Stopping at index (excl) 1057
Changing bots pathHistory:
 1st chunk is bot.pathHistory from start up to index (excl) 847
 2nd chunk is otherBot.pathHistory from index 848 (incl) up to index 1045 (excl)
 3rd chunk is bot.pathHistory from index 1057 (incl) to end of otherBot.pathHistory
bots coords based on history and index before HISTORY CHANGE change: (y= 370, x= 71)
bot.y and bot.x before HISTORY change: (370, 71)
Currently examining these bot points:      (847, (92, 462)) (1057, (220, 647))
Currently examining these otherBot points: (847, (92, 462)) (1044, (220, 647))

botStartIndex            847
botEndIndex              1057
otherBotStartIndex       847
otherBotEndIndex         1044
lengthOfBotPath          210
lengthOfOtherBotPath     197
len(bot.pathHistory)     1063
len(otherBot.pathHistory)1050
Just compared section lengths. OtherBot has shorter section
In logic for otherBotHasShortSection AND BotIsInSection is False
Safely removing points in bot's pathHistory. Starting at index (incl) 848. Stopping at index (excl) 1057
Changing bots pathHistory:
 1st chunk is bot.pathHistory from start up to index (excl) 847
 2nd chunk is otherBot.pathHistory from index 847 (incl) up to index 1044 (excl)
 3rd chunk is bot.pathHistory from index 1057 (incl) to end of otherBot.pathHistory
bots coords based on history and index before HISTORY CHANGE change: (y= 410, x= 89)
bot.y and bot.x before HISTORY change: (410, 89)
Currently examining these bot points:      (551, (67, 340)) (2214, (225, 650))
Currently examining these otherBot points: (725, (67, 340)) (1049, (225, 650))

botStartIndex            551
botEndIndex              2214
otherBotStartIndex       725
otherBotEndIndex         1049
lengthOfBotPath          1663
lengthOfOtherBotPath     324
len(bot.pathHistory)     2215
len(otherBot.pathHistory)1050
bot pathHistoryIndex in between 551 and 2214
Bot is in between above intersections
Just compared section lengths. OtherBot has shorter section
Currently examining these bot points:      (0, (500, 125)) (551, (67, 340))
Currently examining these otherBot points: (0, (500, 125)) (725, (67, 340))

botStartIndex            0
botEndIndex              551
otherBotStartIndex       0
otherBotEndIndex         725
lengthOfBotPath          551
lengthOfOtherBotPath     725
len(bot.pathHistory)     2215
len(otherBot.pathHistory)1050
otherBot pathHistoryIndex in between 0 and 725
OtherBot is in between above intersections
Just compared section lengths. Bot has shorter section
Currently examining these bot points:      (725, (67, 340)) (1049, (225, 650))
Currently examining these otherBot points: (551, (67, 340)) (2214, (225, 650))

botStartIndex            725
botEndIndex              1049
otherBotStartIndex       551
otherBotEndIndex         2214
lengthOfBotPath          324
lengthOfOtherBotPath     1663
len(bot.pathHistory)     1050
len(otherBot.pathHistory)2215
otherBot pathHistoryIndex in between 551 and 2214
OtherBot is in between above intersections
Just compared section lengths. Bot has shorter section
Currently examining these bot points:      (0, (500, 125)) (725, (67, 340))
Currently examining these otherBot points: (0, (500, 125)) (551, (67, 340))

botStartIndex            0
botEndIndex              725
otherBotStartIndex       0
otherBotEndIndex         551
lengthOfBotPath          725
lengthOfOtherBotPath     551
len(bot.pathHistory)     1050
len(otherBot.pathHistory)2215
bot pathHistoryIndex in between 0 and 725
Bot is in between above intersections
Just compared section lengths. OtherBot has shorter section
Currently examining these bot points:      (725, (66, 339)) (1050, (225, 650))
Currently examining these otherBot points: (552, (66, 339)) (2214, (225, 650))

botStartIndex            725
botEndIndex              1050
otherBotStartIndex       552
otherBotEndIndex         2214
lengthOfBotPath          325
lengthOfOtherBotPath     1662
len(bot.pathHistory)     1051
len(otherBot.pathHistory)2215
otherBot pathHistoryIndex in between 552 and 2214
OtherBot is in between above intersections
Just compared section lengths. Bot has shorter section
Currently examining these bot points:      (0, (500, 125)) (725, (66, 339))
Currently examining these otherBot points: (0, (500, 125)) (552, (66, 339))

botStartIndex            0
botEndIndex              725
otherBotStartIndex       0
otherBotEndIndex         552
lengthOfBotPath          725
lengthOfOtherBotPath     552
len(bot.pathHistory)     1051
len(otherBot.pathHistory)2215
bot pathHistoryIndex in between 0 and 725
Bot is in between above intersections
Just compared section lengths. OtherBot has shorter section
Currently examining these bot points:      (687, (99, 476)) (854, (214, 642))
Currently examining these otherBot points: (689, (99, 476)) (866, (214, 642))

botStartIndex            687
botEndIndex              854
otherBotStartIndex       689
otherBotEndIndex         866
lengthOfBotPath          167
lengthOfOtherBotPath     177
len(bot.pathHistory)     866
len(otherBot.pathHistory)878
bot pathHistoryIndex in between 687 and 854
Bot is in between above intersections
Just compared section lengths. Bot has shorter section
In logic for botHasShortSection AND otherBotIsInSection is False
Safely removing points in otherBot's pathHistory. Starting at index (incl) 690. Stopping at index (excl) 866
Changing otherBots pathHistory:
 1st chunk is otherBot.pathHistory from start up to index (excl) 689
 2nd chunk is bot.pathHistory from index 687 (incl) up to index 854 (excl)
 3rd chunk is otherBot.pathHistory from index 866 (incl) to end of otherBot.pathHistory
OtherBots coords based on history and index before HISTORY CHANGE change: (y= 98, x= 474)
OtherBots otherBot.y and other bot.x before HISTORY change: (98, 474)
Currently examining these bot points:      (395, (223, 401)) (864, (214, 642))
Currently examining these otherBot points: (380, (223, 401)) (739, (214, 642))

botStartIndex            395
botEndIndex              864
otherBotStartIndex       380
otherBotEndIndex         739
lengthOfBotPath          469
lengthOfOtherBotPath     359
len(bot.pathHistory)     876
len(otherBot.pathHistory)751
Just compared section lengths. OtherBot has shorter section
In logic for otherBotHasShortSection AND BotIsInSection is False
Safely removing points in bot's pathHistory. Starting at index (incl) 396. Stopping at index (excl) 864
Changing bots pathHistory:
 1st chunk is bot.pathHistory from start up to index (excl) 395
 2nd chunk is otherBot.pathHistory from index 380 (incl) up to index 739 (excl)
 3rd chunk is bot.pathHistory from index 864 (incl) to end of otherBot.pathHistory
bots coords based on history and index before HISTORY CHANGE change: (y= 295, x= 396)
bot.y and bot.x before HISTORY change: (295, 396)
Currently examining these bot points:      (39, (487, 164)) (379, (239, 401))
Currently examining these otherBot points: (39, (487, 164)) (364, (239, 401))

botStartIndex            39
botEndIndex              379
otherBotStartIndex       39
otherBotEndIndex         364
lengthOfBotPath          340
lengthOfOtherBotPath     325
len(bot.pathHistory)     766
len(otherBot.pathHistory)751
bot pathHistoryIndex in between 39 and 379
Bot is in between above intersections
otherBot pathHistoryIndex in between 39 and 364
OtherBot is in between above intersections
Just compared section lengths. OtherBot has shorter section
Currently examining these bot points:      (39, (487, 164)) (366, (237, 401))
Currently examining these otherBot points: (39, (487, 164)) (381, (237, 401))

botStartIndex            39
botEndIndex              366
otherBotStartIndex       39
otherBotEndIndex         381
lengthOfBotPath          327
lengthOfOtherBotPath     342
len(bot.pathHistory)     751
len(otherBot.pathHistory)766
bot pathHistoryIndex in between 39 and 366
Bot is in between above intersections
otherBot pathHistoryIndex in between 39 and 381
OtherBot is in between above intersections
Just compared section lengths. Bot has shorter section
Currently examining these bot points:      (354, (242, 395)) (735, (217, 644))
Currently examining these otherBot points: (361, (242, 395)) (670, (217, 644))

botStartIndex            354
botEndIndex              735
otherBotStartIndex       361
otherBotEndIndex         670
lengthOfBotPath          381
lengthOfOtherBotPath     309
len(bot.pathHistory)     744
len(otherBot.pathHistory)679
otherBot pathHistoryIndex in between 361 and 670
OtherBot is in between above intersections
Just compared section lengths. OtherBot has shorter section
In logic for otherBotHasShortSection AND BotIsInSection is False
Safely removing points in bot's pathHistory. Starting at index (incl) 355. Stopping at index (excl) 735
Changing bots pathHistory:
 1st chunk is bot.pathHistory from start up to index (excl) 354
 2nd chunk is otherBot.pathHistory from index 361 (incl) up to index 670 (excl)
 3rd chunk is bot.pathHistory from index 735 (incl) to end of otherBot.pathHistory
bots coords based on history and index before HISTORY CHANGE change: (y= 246, x= 394)
bot.y and bot.x before HISTORY change: (246, 394)
Currently examining these bot points:      (365, (238, 396)) (538, (127, 478))
Currently examining these otherBot points: (358, (238, 396)) (480, (127, 478))

botStartIndex            365
botEndIndex              538
otherBotStartIndex       358
otherBotEndIndex         480
lengthOfBotPath          173
lengthOfOtherBotPath     122
len(bot.pathHistory)     711
len(otherBot.pathHistory)655
otherBot pathHistoryIndex in between 358 and 480
OtherBot is in between above intersections
Just compared section lengths. OtherBot has shorter section
In logic for otherBotHasShortSection AND BotIsInSection is False
Safely removing points in bot's pathHistory. Starting at index (incl) 366. Stopping at index (excl) 538
Changing bots pathHistory:
 1st chunk is bot.pathHistory from start up to index (excl) 365
 2nd chunk is otherBot.pathHistory from index 358 (incl) up to index 480 (excl)
 3rd chunk is bot.pathHistory from index 538 (incl) to end of otherBot.pathHistory
bots coords based on history and index before HISTORY CHANGE change: (y= 129, x= 490)
bot.y and bot.x before HISTORY change: (129, 490)
bot is currently past section being edited, so it's index must be changed.
Index before change: 550
bot.y and bot.x before index change: (129, 490)
Amount being subtracted (longer path length - shorter path length): 51
bot.pathHistoryIndex before adjustment:550
bot.pathHistoryIndex after adjustment:499
results of findIndex after adjustment:499
Index after change: 499
bots coords based on history and index after index change: (y= 129, x= 490)
bot.y and bot.x AFTER index change: (129, 490)
END DONE END


Currently examining these bot points:      (335, (260, 395)) (574, (164, 577))
Currently examining these otherBot points: (335, (260, 395)) (595, (164, 577))

botStartIndex            335
botEndIndex              574
otherBotStartIndex       335
otherBotEndIndex         595
lengthOfBotPath          239
lengthOfOtherBotPath     260
len(bot.pathHistory)     648
len(otherBot.pathHistory)671
Just compared section lengths. Bot has shorter section
In logic for botHasShortSection AND otherBotIsInSection is False
Safely removing points in otherBot's pathHistory. Starting at index (incl) 336. Stopping at index (excl) 595
Changing otherBots pathHistory:
 1st chunk is otherBot.pathHistory from start up to index (excl) 335
 2nd chunk is bot.pathHistory from index 335 (incl) up to index 574 (excl)
 3rd chunk is otherBot.pathHistory from index 595 (incl) to end of otherBot.pathHistory
OtherBots coords based on history and index before HISTORY CHANGE change: (y= 452, x= 235)
OtherBots otherBot.y and other bot.x before HISTORY change: (452, 235)
Currently examining these bot points:      (335, (260, 395)) (595, (164, 577))
Currently examining these otherBot points: (335, (260, 395)) (574, (164, 577))

botStartIndex            335
botEndIndex              595
otherBotStartIndex       335
otherBotEndIndex         574
lengthOfBotPath          260
lengthOfOtherBotPath     239
len(bot.pathHistory)     671
len(otherBot.pathHistory)648
Just compared section lengths. OtherBot has shorter section
In logic for otherBotHasShortSection AND BotIsInSection is False
Safely removing points in bot's pathHistory. Starting at index (incl) 336. Stopping at index (excl) 595
Changing bots pathHistory:
 1st chunk is bot.pathHistory from start up to index (excl) 335
 2nd chunk is otherBot.pathHistory from index 335 (incl) up to index 574 (excl)
 3rd chunk is bot.pathHistory from index 595 (incl) to end of otherBot.pathHistory
bots coords based on history and index before HISTORY CHANGE change: (y= 452, x= 235)
bot.y and bot.x before HISTORY change: (452, 235)
Currently examining these bot points:      (392, (193, 419)) (479, (130, 492))
Currently examining these otherBot points: (396, (193, 419)) (469, (130, 492))

botStartIndex            392
botEndIndex              479
otherBotStartIndex       396
otherBotEndIndex         469
lengthOfBotPath          87
lengthOfOtherBotPath     73
len(bot.pathHistory)     638
len(otherBot.pathHistory)630
Just compared section lengths. OtherBot has shorter section
In logic for otherBotHasShortSection AND BotIsInSection is False
Safely removing points in bot's pathHistory. Starting at index (incl) 393. Stopping at index (excl) 479
Changing bots pathHistory:
 1st chunk is bot.pathHistory from start up to index (excl) 392
 2nd chunk is otherBot.pathHistory from index 396 (incl) up to index 469 (excl)
 3rd chunk is bot.pathHistory from index 479 (incl) to end of otherBot.pathHistory
bots coords based on history and index before HISTORY CHANGE change: (y= 275, x= 386)
bot.y and bot.x before HISTORY change: (275, 386)
JOB DONE. Number of cycles: 2483
